2026-01-04 21:09:41.269 [info] [2026-01-05 00:09:41.244] [         14ms] [/home/mag0/.config/hypr/scripts] git rev-parse --show-toplevel • FAILED
2026-01-04 21:09:41.269 [info] 
Error: fatal: not a git repository (or any of the parent directories): .git

2026-01-04 21:09:41.269 [info] [2026-01-05 00:09:41.244] [         15ms] [/home/mag0/Downloads] git rev-parse --show-toplevel • FAILED
2026-01-04 21:09:41.269 [info] 
Error: fatal: not a git repository (or any of the parent directories): .git

2026-01-04 21:09:57.691 [info] [2026-01-05 00:09:57.691] [          8ms] [/home/mag0/Desktop/A34/compilar/android_kernel_samsung_a34x] git log --format=%x1E%H%x1D -n2 -L1129,1129:kernel/kernel_device_modules-6.6/arch/arm64/configs/mediatek-bazel_defconfig • FAILED
2026-01-04 21:09:57.691 [info] 
Error: fatal: file kernel/kernel_device_modules-6.6/arch/arm64/configs/mediatek-bazel_defconfig has only 1128 lines

2026-01-04 21:10:16.013 [info] [2026-01-05 00:10:16.013] [          6ms] [/home/mag0/Desktop/A34/compilar/android_kernel_samsung_a34x] git log --format=%x1E%H%x1D -n2 -L1129,1129:kernel/kernel_device_modules-6.6/arch/arm64/configs/mediatek-bazel_defconfig • FAILED
2026-01-04 21:10:16.013 [info] 
Error: fatal: file kernel/kernel_device_modules-6.6/arch/arm64/configs/mediatek-bazel_defconfig has only 1128 lines

2026-01-04 21:10:16.017 [info] [2026-01-05 00:10:16.017] [         10ms] [/home/mag0/Desktop/A34/compilar/android_kernel_samsung_a34x] git log --format=%x1E%H%x1D -n2 -L1129,1129:kernel/kernel_device_modules-6.6/arch/arm64/configs/mediatek-bazel_defconfig • FAILED
2026-01-04 21:10:16.017 [info] 
Error: fatal: file kernel/kernel_device_modules-6.6/arch/arm64/configs/mediatek-bazel_defconfig has only 1128 lines

2026-01-04 21:27:03.406 [info] [2026-01-05 00:27:03.406] [          7ms] [/home/mag0/Desktop/A34/compilar/android_kernel_samsung_a34x] git log --format=%x1E%H%x1D -n2 -L1132,1132:kernel/kernel_device_modules-6.6/arch/arm64/configs/mediatek-bazel_defconfig • FAILED
2026-01-04 21:27:03.406 [info] 
Error: fatal: file kernel/kernel_device_modules-6.6/arch/arm64/configs/mediatek-bazel_defconfig has only 1128 lines

2026-01-04 21:27:10.385 [info] [2026-01-05 00:27:10.385] [          5ms] [/home/mag0/Desktop/A34/compilar/android_kernel_samsung_a34x] git log --format=%x1E%H%x1D -n2 -L1129,1129:kernel/kernel_device_modules-6.6/arch/arm64/configs/mediatek-bazel_defconfig • FAILED
2026-01-04 21:27:10.385 [info] 
Error: fatal: file kernel/kernel_device_modules-6.6/arch/arm64/configs/mediatek-bazel_defconfig has only 1128 lines

2026-01-04 21:27:31.923 [info] [2026-01-05 00:27:31.923] [          6ms] [/home/mag0/Desktop/A34/compilar/android_kernel_samsung_a34x] git log --format=%x1E%H%x1D -n2 -L1129,1129:kernel/kernel_device_modules-6.6/arch/arm64/configs/mediatek-bazel_defconfig • FAILED
2026-01-04 21:27:31.923 [info] 
Error: fatal: file kernel/kernel_device_modules-6.6/arch/arm64/configs/mediatek-bazel_defconfig has only 1128 lines

2026-01-04 21:27:39.980 [info] [2026-01-05 00:27:39.980] [          5ms] [/home/mag0/Desktop/A34/compilar/android_kernel_samsung_a34x] git log --format=%x1E%H%x1D -n2 -L1129,1129:kernel/kernel_device_modules-6.6/arch/arm64/configs/mediatek-bazel_defconfig • FAILED
2026-01-04 21:27:39.980 [info] 
Error: fatal: file kernel/kernel_device_modules-6.6/arch/arm64/configs/mediatek-bazel_defconfig has only 1128 lines

