[Info  - 20:29:57] 2026/01/02 20:29:57 Created View (#1)
	directory=/home/mag0/Desktop/projetogolang/ia/Senior-Go-Engineer
	view_type="GoMod"
	root_dir="file:///home/mag0/Desktop/projetogolang/ia/Senior-Go-Engineer"
	go_version="go version go1.25.5 X:nodwarf5 linux/amd64"
	build_flags=[]
	env={GOOS:linux GOARCH:amd64 GOCACHE:/home/mag0/.cache/go-build GOMODCACHE:/home/mag0/go/pkg/mod GOPATH:/home/mag0/go GOPRIVATE: GOFLAGS: GO111MODULE: GOTOOLCHAIN:local GOROOT:/usr/lib/go GoVersion:25 GoVersionOutput:go version go1.25.5 X:nodwarf5 linux/amd64
 ExplicitGOWORK: EffectiveGOPACKAGESDRIVER:}
	env_overlay=[]

[Info  - 20:30:27] 2026/01/02 20:30:27 background imports cache refresh starting

[Info  - 20:30:28] 2026/01/02 20:30:28 background refresh finished after 167.415341ms

[Info  - 20:30:37] 2026/01/02 20:30:37 go/packages.Load #1
	view_id="1"
	snapshot=0
	directory=/home/mag0/Desktop/projetogolang/ia/Senior-Go-Engineer
	query=[/home/mag0/Desktop/projetogolang/ia/Senior-Go-Engineer/... builtin]
	packages=4
	duration=39.966661959s

[Info  - 20:32:49] 2026/01/02 20:32:49 background imports cache refresh starting

[Info  - 20:32:49] 2026/01/02 20:32:49 background refresh finished after 7.592666ms

[Info  - 20:39:34] 2026/01/02 20:39:34 Shutdown session
	shutdown_session=1

