2026-01-02 21:07:08.488 [info] Extension host with pid 342077 started
2026-01-02 21:07:08.578 [info] ExtensionService#_doActivateExtension vscode.github-authentication, startup: false, activationEvent: 'onAuthenticationRequest:github'
2026-01-02 21:07:08.610 [info] ExtensionService#_doActivateExtension mechatroner.rainbow-csv, startup: false, activationEvent: 'onLanguage:plaintext'
2026-01-02 21:07:08.613 [info] ExtensionService#_doActivateExtension vscode.emmet, startup: false, activationEvent: 'onLanguage'
2026-01-02 21:07:09.544 [info] ExtensionService#_doActivateExtension vscode.git-base, startup: true, activationEvent: '*', root cause: vscode.git
2026-01-02 21:07:09.550 [info] ExtensionService#_doActivateExtension christian-kohler.path-intellisense, startup: true, activationEvent: '*'
2026-01-02 21:07:09.560 [info] ExtensionService#_doActivateExtension johnpapa.vscode-peacock, startup: true, activationEvent: '*'
2026-01-02 21:07:09.564 [info] ExtensionService#_doActivateExtension mhutchie.git-graph, startup: true, activationEvent: '*'
2026-01-02 21:07:09.571 [info] ExtensionService#_doActivateExtension oderwat.indent-rainbow, startup: true, activationEvent: '*'
2026-01-02 21:07:09.572 [info] ExtensionService#_doActivateExtension tombonnike.vscode-status-bar-format-toggle, startup: true, activationEvent: '*'
2026-01-02 21:07:09.582 [info] ExtensionService#_doActivateExtension vscode.git, startup: true, activationEvent: '*'
2026-01-02 21:07:09.615 [info] ExtensionService#_doActivateExtension vscode.github, startup: true, activationEvent: '*'
2026-01-02 21:07:09.677 [info] Eager extensions activated
2026-01-02 21:07:09.678 [info] ExtensionService#_doActivateExtension vscode.debug-auto-launch, startup: false, activationEvent: 'onStartupFinished'
2026-01-02 21:07:09.679 [info] ExtensionService#_doActivateExtension vscode.merge-conflict, startup: false, activationEvent: 'onStartupFinished'
2026-01-02 21:07:09.691 [info] ExtensionService#_doActivateExtension aaron-bond.better-comments, startup: false, activationEvent: 'onStartupFinished'
2026-01-02 21:07:09.693 [info] ExtensionService#_doActivateExtension alefragnani.Bookmarks, startup: false, activationEvent: 'onStartupFinished'
2026-01-02 21:07:09.701 [info] ExtensionService#_doActivateExtension ArthurLobo.easy-codesnap, startup: false, activationEvent: 'onStartupFinished'
2026-01-02 21:07:09.702 [info] ExtensionService#_doActivateExtension bierner.emojisense, startup: false, activationEvent: 'onStartupFinished'
2026-01-02 21:07:09.707 [info] ExtensionService#_doActivateExtension dbaeumer.vscode-eslint, startup: false, activationEvent: 'onStartupFinished'
2026-01-02 21:07:09.733 [info] ExtensionService#_doActivateExtension eamodio.gitlens, startup: false, activationEvent: 'onStartupFinished'
2026-01-02 21:07:09.851 [info] ExtensionService#_doActivateExtension Gruntfuggly.todo-tree, startup: false, activationEvent: 'onStartupFinished'
2026-01-02 21:07:09.878 [info] ExtensionService#_doActivateExtension kisstkondoros.vscode-gutter-preview, startup: false, activationEvent: 'onStartupFinished'
2026-01-02 21:07:09.907 [info] ExtensionService#_doActivateExtension naumovs.color-highlight, startup: false, activationEvent: 'onStartupFinished'
2026-01-02 21:07:09.911 [info] ExtensionService#_doActivateExtension PKief.material-icon-theme, startup: false, activationEvent: 'onStartupFinished'
2026-01-02 21:07:09.920 [info] ExtensionService#_doActivateExtension usernamehw.errorlens, startup: false, activationEvent: 'onStartupFinished'
2026-01-02 21:07:09.923 [info] ExtensionService#_doActivateExtension yandeu.five-server, startup: false, activationEvent: 'onStartupFinished'
2026-01-03 07:19:28.123 [info] Extension host terminating: renderer closed the MessagePort
2026-01-03 07:19:28.142 [error] An error occurred when disposing the subscriptions for extension 'eamodio.gitlens':
2026-01-03 07:19:28.154 [error] TypeError: Cannot read properties of undefined (reading 'dispose')
	at Object.dispose (file:///opt/vscodium/resources/app/out/vs/workbench/api/node/extensionHostProcess.js:142:146232)
	at bw.<anonymous> (file:///opt/vscodium/resources/app/out/vs/workbench/api/node/extensionHostProcess.js:110:26520)
	at bw.dispose (file:///opt/vscodium/resources/app/out/vs/workbench/api/node/extensionHostProcess.js:110:26616)
	at Object.dispose (/home/mag0/.vscode-oss/extensions/eamodio.gitlens-17.8.1-universal/dist/gitlens.js:72:28506)
	at /home/mag0/.vscode-oss/extensions/eamodio.gitlens-17.8.1-universal/dist/gitlens.js:782:58420
	at Array.forEach (<anonymous>)
	at Object.dispose (/home/mag0/.vscode-oss/extensions/eamodio.gitlens-17.8.1-universal/dist/gitlens.js:782:58401)
	at Qi (file:///opt/vscodium/resources/app/out/vs/workbench/api/node/extensionHostProcess.js:25:746)
	at j3._fn (file:///opt/vscodium/resources/app/out/vs/workbench/api/node/extensionHostProcess.js:118:18595)
	at j3.dispose (file:///opt/vscodium/resources/app/out/vs/workbench/api/node/extensionHostProcess.js:25:1261)
	at xX._deactivate (file:///opt/vscodium/resources/app/out/vs/workbench/api/node/extensionHostProcess.js:118:14860)
	at file:///opt/vscodium/resources/app/out/vs/workbench/api/node/extensionHostProcess.js:118:12146
	at Array.map (<anonymous>)
	at xX._deactivateAll (file:///opt/vscodium/resources/app/out/vs/workbench/api/node/extensionHostProcess.js:118:12134)
	at xX.terminate (file:///opt/vscodium/resources/app/out/vs/workbench/api/node/extensionHostProcess.js:118:12487)
	at nM.terminate (file:///opt/vscodium/resources/app/out/vs/workbench/api/node/extensionHostProcess.js:120:1082)
	at $s (file:///opt/vscodium/resources/app/out/vs/workbench/api/node/extensionHostProcess.js:402:11092)
	at MessagePortMain.<anonymous> (file:///opt/vscodium/resources/app/out/vs/workbench/api/node/extensionHostProcess.js:402:7538)
	at MessagePortMain.emit (node:events:519:28)
	at MessagePortMain._internalPort.emit (node:electron/js2c/utility_init:2:2949)
2026-01-03 07:19:28.156 [error] An error occurred when disposing the subscriptions for extension 'Gruntfuggly.todo-tree':
2026-01-03 07:19:28.157 [error] AggregateError: Encountered errors while disposing of store
	at Qi (file:///opt/vscodium/resources/app/out/vs/workbench/api/node/extensionHostProcess.js:25:822)
	at j3._fn (file:///opt/vscodium/resources/app/out/vs/workbench/api/node/extensionHostProcess.js:118:18595)
	at j3.dispose (file:///opt/vscodium/resources/app/out/vs/workbench/api/node/extensionHostProcess.js:25:1261)
	at xX._deactivate (file:///opt/vscodium/resources/app/out/vs/workbench/api/node/extensionHostProcess.js:118:14860)
	at file:///opt/vscodium/resources/app/out/vs/workbench/api/node/extensionHostProcess.js:118:12146
	at Array.map (<anonymous>)
	at xX._deactivateAll (file:///opt/vscodium/resources/app/out/vs/workbench/api/node/extensionHostProcess.js:118:12134)
	at xX.terminate (file:///opt/vscodium/resources/app/out/vs/workbench/api/node/extensionHostProcess.js:118:12487)
	at nM.terminate (file:///opt/vscodium/resources/app/out/vs/workbench/api/node/extensionHostProcess.js:120:1082)
	at $s (file:///opt/vscodium/resources/app/out/vs/workbench/api/node/extensionHostProcess.js:402:11092)
	at MessagePortMain.<anonymous> (file:///opt/vscodium/resources/app/out/vs/workbench/api/node/extensionHostProcess.js:402:7538)
	at MessagePortMain.emit (node:events:519:28)
	at MessagePortMain._internalPort.emit (node:electron/js2c/utility_init:2:2949)
2026-01-03 07:19:28.164 [info] Extension host with pid 342077 exiting with code 0
