2026-01-05 06:55:01.259 [info] Reading sessions from keychain...
2026-01-05 06:55:01.273 [info] Getting sessions for all scopes...
2026-01-05 06:55:01.277 [info] Got 0 sessions for ...
2026-01-05 06:55:01.277 [info] Getting sessions for all scopes...
2026-01-05 06:55:01.277 [info] Got 0 sessions for ...
2026-01-05 06:55:01.277 [info] Getting sessions for all scopes...
2026-01-05 06:55:01.277 [info] Got 0 sessions for ...
2026-01-05 06:55:01.277 [info] Getting sessions for all scopes...
2026-01-05 06:55:01.277 [info] Got 0 sessions for ...
2026-01-05 06:55:01.278 [info] Getting sessions for all scopes...
2026-01-05 06:55:01.278 [info] Got 0 sessions for ...
2026-01-05 06:55:01.278 [info] Getting sessions for all scopes...
2026-01-05 06:55:01.278 [info] Got 0 sessions for ...
2026-01-05 06:55:01.278 [info] Getting sessions for all scopes...
2026-01-05 06:55:01.278 [info] Got 0 sessions for ...
2026-01-05 06:55:01.279 [info] Getting sessions for all scopes...
2026-01-05 06:55:01.279 [info] Got 0 sessions for ...
2026-01-05 06:55:01.279 [info] Getting sessions for all scopes...
2026-01-05 06:55:01.279 [info] Got 0 sessions for ...
2026-01-05 06:55:01.279 [info] Getting sessions for all scopes...
2026-01-05 06:55:01.279 [info] Got 0 sessions for ...
2026-01-05 06:55:01.279 [info] Getting sessions for all scopes...
2026-01-05 06:55:01.279 [info] Got 0 sessions for ...
2026-01-05 06:55:01.279 [info] Getting sessions for all scopes...
2026-01-05 06:55:01.279 [info] Got 0 sessions for ...
2026-01-05 06:55:01.279 [info] Getting sessions for all scopes...
2026-01-05 06:55:01.279 [info] Got 0 sessions for ...
2026-01-05 06:55:01.307 [info] Getting sessions for all scopes...
2026-01-05 06:55:01.307 [info] Got 0 sessions for ...
2026-01-05 06:55:02.760 [info] Getting sessions for read:user,repo,user:email...
2026-01-05 06:55:02.760 [info] Got 0 sessions for read:user,repo,user:email...
2026-01-05 06:55:02.853 [info] Getting sessions for read:user,repo,user:email...
2026-01-05 06:55:02.853 [info] Got 0 sessions for read:user,repo,user:email...
2026-01-05 06:55:02.916 [info] Getting sessions for all scopes...
2026-01-05 06:55:02.916 [info] Got 0 sessions for ...
2026-01-05 06:57:53.327 [info] Getting sessions for read:user,repo,user:email...
2026-01-05 06:57:53.327 [info] Got 0 sessions for read:user,repo,user:email...
