2026-01-04 21:09:39.629 [info] Reading sessions from keychain...
2026-01-04 21:09:39.629 [info] Getting sessions for all scopes...
2026-01-04 21:09:39.629 [info] Got 0 sessions for ...
2026-01-04 21:09:39.629 [info] Getting sessions for all scopes...
2026-01-04 21:09:39.629 [info] Got 0 sessions for ...
2026-01-04 21:09:39.629 [info] Getting sessions for all scopes...
2026-01-04 21:09:39.629 [info] Got 0 sessions for ...
2026-01-04 21:09:39.629 [info] Getting sessions for all scopes...
2026-01-04 21:09:39.629 [info] Got 0 sessions for ...
2026-01-04 21:09:39.629 [info] Getting sessions for all scopes...
2026-01-04 21:09:39.629 [info] Got 0 sessions for ...
2026-01-04 21:09:39.629 [info] Getting sessions for all scopes...
2026-01-04 21:09:39.629 [info] Got 0 sessions for ...
2026-01-04 21:09:39.629 [info] Getting sessions for all scopes...
2026-01-04 21:09:39.629 [info] Got 0 sessions for ...
2026-01-04 21:09:39.629 [info] Getting sessions for all scopes...
2026-01-04 21:09:39.629 [info] Got 0 sessions for ...
2026-01-04 21:09:39.629 [info] Getting sessions for all scopes...
2026-01-04 21:09:39.629 [info] Got 0 sessions for ...
2026-01-04 21:09:39.629 [info] Getting sessions for all scopes...
2026-01-04 21:09:39.629 [info] Got 0 sessions for ...
2026-01-04 21:09:39.629 [info] Getting sessions for all scopes...
2026-01-04 21:09:39.629 [info] Got 0 sessions for ...
2026-01-04 21:09:39.629 [info] Getting sessions for all scopes...
2026-01-04 21:09:39.629 [info] Got 0 sessions for ...
2026-01-04 21:09:39.629 [info] Getting sessions for all scopes...
2026-01-04 21:09:39.629 [info] Got 0 sessions for ...
2026-01-04 21:09:39.629 [info] Getting sessions for all scopes...
2026-01-04 21:09:39.629 [info] Got 0 sessions for ...
2026-01-04 21:09:39.647 [info] Getting sessions for all scopes...
2026-01-04 21:09:39.647 [info] Got 0 sessions for ...
2026-01-04 21:09:41.230 [info] Getting sessions for read:user,repo,user:email...
2026-01-04 21:09:41.230 [info] Got 0 sessions for read:user,repo,user:email...
2026-01-04 21:09:41.301 [info] Getting sessions for read:user,repo,user:email...
2026-01-04 21:09:41.301 [info] Got 0 sessions for read:user,repo,user:email...
2026-01-04 21:09:41.380 [info] Getting sessions for all scopes...
2026-01-04 21:09:41.380 [info] Got 0 sessions for ...
2026-01-04 21:26:59.423 [info] Getting sessions for read:user,repo,user:email...
2026-01-04 21:26:59.423 [info] Got 0 sessions for read:user,repo,user:email...
2026-01-04 21:29:42.447 [info] Getting sessions for read:user,repo,user:email...
2026-01-04 21:29:42.447 [info] Got 0 sessions for read:user,repo,user:email...
2026-01-04 21:49:37.571 [info] Getting sessions for read:user,repo,user:email...
2026-01-04 21:49:37.571 [info] Got 0 sessions for read:user,repo,user:email...
